<?xml version="1.0" encoding="UTF-8"?>
<testsuite xmlns:xsi="http://www.w3.org/2001/XMLSchema-instance" xsi:noNamespaceSchemaLocation="https://maven.apache.org/surefire/maven-surefire-plugin/xsd/surefire-test-report.xsd" name="co.unicauca.openmarket.domain.service.CategoryServiceTest" time="0.081" tests="9" errors="0" skipped="0" failures="0">
  <properties>
    <property name="java.specification.version" value="16"/>
    <property name="sun.cpu.isalist" value="amd64"/>
    <property name="sun.jnu.encoding" value="Cp1252"/>
    <property name="java.class.path" value="C:\Users\brayan\Desktop\Semestre Seis\Lab Software 2\app_open_market\openMarket-Client\target\test-classes;C:\Users\brayan\Desktop\Semestre Seis\Lab Software 2\app_open_market\openMarket-Client\target\classes;C:\Users\brayan\.m2\repository\org\xerial\sqlite-jdbc\3.32.3.2\sqlite-jdbc-3.32.3.2.jar;C:\Users\brayan\.m2\repository\org\netbeans\external\AbsoluteLayout\RELEASE120\AbsoluteLayout-RELEASE120.jar;C:\Users\brayan\.m2\repository\org\junit\jupiter\junit-jupiter-api\5.6.0\junit-jupiter-api-5.6.0.jar;C:\Users\brayan\.m2\repository\org\apiguardian\apiguardian-api\1.1.0\apiguardian-api-1.1.0.jar;C:\Users\brayan\.m2\repository\org\opentest4j\opentest4j\1.2.0\opentest4j-1.2.0.jar;C:\Users\brayan\.m2\repository\org\junit\platform\junit-platform-commons\1.6.0\junit-platform-commons-1.6.0.jar;C:\Users\brayan\.m2\repository\org\junit\jupiter\junit-jupiter-params\5.6.0\junit-jupiter-params-5.6.0.jar;C:\Users\brayan\.m2\repository\org\junit\jupiter\junit-jupiter-engine\5.6.0\junit-jupiter-engine-5.6.0.jar;C:\Users\brayan\.m2\repository\org\junit\platform\junit-platform-engine\1.6.0\junit-platform-engine-1.6.0.jar;C:\Users\brayan\.m2\repository\co\unicauca\strategyserver\1.0\strategyserver-1.0.jar;C:\Users\brayan\.m2\repository\com\google\code\gson\gson\2.8.6\gson-2.8.6.jar;C:\Users\brayan\.m2\repository\co\unicauca\OpenMarket-commons\1.0\OpenMarket-commons-1.0.jar;"/>
    <property name="java.vm.vendor" value="Oracle Corporation"/>
    <property name="sun.arch.data.model" value="64"/>
    <property name="user.variant" value=""/>
    <property name="java.vendor.url" value="https://java.oracle.com/"/>
    <property name="user.timezone" value="America/Bogota"/>
    <property name="os.name" value="Windows 10"/>
    <property name="java.vm.specification.version" value="16"/>
    <property name="user.country" value="CO"/>
    <property name="sun.java.launcher" value="SUN_STANDARD"/>
    <property name="sun.boot.library.path" value="C:\Program Files\Java\jdk-16.0.1\bin"/>
    <property name="sun.java.command" value="C:\Users\brayan\AppData\Local\Temp\surefire5030739587303538885\surefirebooter567382549813425127.jar C:\Users\brayan\AppData\Local\Temp\surefire5030739587303538885 2023-05-12T23-33-58_353-jvmRun1 surefire6713874783477989015tmp surefire_0208198224970899273tmp"/>
    <property name="jdk.debug" value="release"/>
    <property name="surefire.test.class.path" value="C:\Users\brayan\Desktop\Semestre Seis\Lab Software 2\app_open_market\openMarket-Client\target\test-classes;C:\Users\brayan\Desktop\Semestre Seis\Lab Software 2\app_open_market\openMarket-Client\target\classes;C:\Users\brayan\.m2\repository\org\xerial\sqlite-jdbc\3.32.3.2\sqlite-jdbc-3.32.3.2.jar;C:\Users\brayan\.m2\repository\org\netbeans\external\AbsoluteLayout\RELEASE120\AbsoluteLayout-RELEASE120.jar;C:\Users\brayan\.m2\repository\org\junit\jupiter\junit-jupiter-api\5.6.0\junit-jupiter-api-5.6.0.jar;C:\Users\brayan\.m2\repository\org\apiguardian\apiguardian-api\1.1.0\apiguardian-api-1.1.0.jar;C:\Users\brayan\.m2\repository\org\opentest4j\opentest4j\1.2.0\opentest4j-1.2.0.jar;C:\Users\brayan\.m2\repository\org\junit\platform\junit-platform-commons\1.6.0\junit-platform-commons-1.6.0.jar;C:\Users\brayan\.m2\repository\org\junit\jupiter\junit-jupiter-params\5.6.0\junit-jupiter-params-5.6.0.jar;C:\Users\brayan\.m2\repository\org\junit\jupiter\junit-jupiter-engine\5.6.0\junit-jupiter-engine-5.6.0.jar;C:\Users\brayan\.m2\repository\org\junit\platform\junit-platform-engine\1.6.0\junit-platform-engine-1.6.0.jar;C:\Users\brayan\.m2\repository\co\unicauca\strategyserver\1.0\strategyserver-1.0.jar;C:\Users\brayan\.m2\repository\com\google\code\gson\gson\2.8.6\gson-2.8.6.jar;C:\Users\brayan\.m2\repository\co\unicauca\OpenMarket-commons\1.0\OpenMarket-commons-1.0.jar;"/>
    <property name="sun.cpu.endian" value="little"/>
    <property name="user.home" value="C:\Users\brayan"/>
    <property name="user.language" value="es"/>
    <property name="java.specification.vendor" value="Oracle Corporation"/>
    <property name="java.version.date" value="2021-04-20"/>
    <property name="java.home" value="C:\Program Files\Java\jdk-16.0.1"/>
    <property name="file.separator" value="\"/>
    <property name="basedir" value="C:\Users\brayan\Desktop\Semestre Seis\Lab Software 2\app_open_market\openMarket-Client"/>
    <property name="java.vm.compressedOopsMode" value="32-bit"/>
    <property name="line.separator" value="&#10;"/>
    <property name="java.vm.specification.vendor" value="Oracle Corporation"/>
    <property name="java.specification.name" value="Java Platform API Specification"/>
    <property name="surefire.real.class.path" value="C:\Users\brayan\AppData\Local\Temp\surefire5030739587303538885\surefirebooter567382549813425127.jar"/>
    <property name="user.script" value=""/>
    <property name="sun.management.compiler" value="HotSpot 64-Bit Tiered Compilers"/>
    <property name="java.runtime.version" value="16.0.1+9-24"/>
    <property name="user.name" value="brayan"/>
    <property name="path.separator" value=";"/>
    <property name="os.version" value="10.0"/>
    <property name="java.runtime.name" value="Java(TM) SE Runtime Environment"/>
    <property name="file.encoding" value="UTF-8"/>
    <property name="java.vm.name" value="Java HotSpot(TM) 64-Bit Server VM"/>
    <property name="maven.ext.class.path" value="C:\Program Files\NetBeans-12.4\netbeans\java\maven-nblib\netbeans-eventspy.jar"/>
    <property name="localRepository" value="C:\Users\brayan\.m2\repository"/>
    <property name="java.vendor.url.bug" value="https://bugreport.java.com/bugreport/"/>
    <property name="java.io.tmpdir" value="C:\Users\brayan\AppData\Local\Temp\"/>
    <property name="java.version" value="16.0.1"/>
    <property name="user.dir" value="C:\Users\brayan\Desktop\Semestre Seis\Lab Software 2\app_open_market\openMarket-Client"/>
    <property name="os.arch" value="amd64"/>
    <property name="java.vm.specification.name" value="Java Virtual Machine Specification"/>
    <property name="sun.os.patch.level" value=""/>
    <property name="java.library.path" value="C:\Program Files\Java\jdk-16.0.1\bin;C:\Windows\Sun\Java\bin;C:\Windows\system32;C:\Windows;C:\app\brayan\product\21c\dbhomeXE\bin;C:\Program Files\Common Files\Oracle\Java\javapath;C:\Windows\system32;C:\Windows;C:\Windows\System32\Wbem;C:\Windows\System32\WindowsPowerShell\v1.0\;C:\Windows\System32\OpenSSH\;C:\Program Files\Git\cmd;C:\Program Files\dotnet\;C:\Program Files\Microsoft SQL Server\130\Tools\Binn\;C:\Program Files\Microsoft SQL Server\Client SDK\ODBC\170\Tools\Binn\;C:\Program Files\Microsoft SQL Server\150\Tools\Binn\;C:\Program Files\nodejs\;C:\Program Files\Python38;C:\Program Files\Python38\Scripts;C:\Users\brayan\AppData\Local\Microsoft\WindowsApps;C:\Users\brayan\AppData\Local\Programs\Microsoft VS Code\bin;C:\ProgramData\brayan\atom\bin;C:\Users\brayan\.dotnet\tools;C:\Program Files\MongoDB\Server\6.0\bin;C:\Program Files\MongoDB\Server\5.0\bin;C:\mongodb-database-tools-windows-x86_64-100.6.1\bin;C:\Users\brayan\AppData\Roaming\npm;C:\Program Files\Python38\Scripts;C:\Program Files\Python38;;."/>
    <property name="java.vm.info" value="mixed mode, sharing"/>
    <property name="java.vendor" value="Oracle Corporation"/>
    <property name="java.vm.version" value="16.0.1+9-24"/>
    <property name="sun.io.unicode.encoding" value="UnicodeLittle"/>
    <property name="java.class.version" value="60.0"/>
  </properties>
  <testcase name="testDeleteCategoryNotFound" classname="co.unicauca.openmarket.domain.service.CategoryServiceTest" time="0.046"/>
  <testcase name="testEditCategory" classname="co.unicauca.openmarket.domain.service.CategoryServiceTest" time="0.001"/>
  <testcase name="testFindCategoryById" classname="co.unicauca.openmarket.domain.service.CategoryServiceTest" time="0.004"/>
  <testcase name="testEditProductNotFound" classname="co.unicauca.openmarket.domain.service.CategoryServiceTest" time="0.001"/>
  <testcase name="testSaveCategory" classname="co.unicauca.openmarket.domain.service.CategoryServiceTest" time="0.001"/>
  <testcase name="testDeleteCategory" classname="co.unicauca.openmarket.domain.service.CategoryServiceTest" time="0.001"/>
  <testcase name="testFindCategoryByIdNotFound" classname="co.unicauca.openmarket.domain.service.CategoryServiceTest" time="0.003"/>
  <testcase name="testFindAllCategories" classname="co.unicauca.openmarket.domain.service.CategoryServiceTest" time="0.001"/>
  <testcase name="testSaveCategoryInvalidName" classname="co.unicauca.openmarket.domain.service.CategoryServiceTest" time="0.001"/>
</testsuite>